SF:lib/src/models/enums/event_types.dart
DA:11,2
DA:12,3
DA:13,1
LF:3
LH:3
end_of_record
SF:lib/src/models/enums/priority_type.dart
DA:11,2
DA:12,3
DA:13,1
DA:16,2
DA:17,3
DA:18,1
LF:6
LH:6
end_of_record
SF:lib/src/models/enums/network_error_type.dart
DA:60,1
DA:61,1
DA:62,3
LF:3
LH:3
end_of_record
SF:lib/src/models/error/dio_exceptions.dart
DA:9,2
DA:13,1
DA:14,4
DA:15,1
DA:16,3
DA:18,2
DA:19,0
DA:20,1
DA:22,1
DA:23,3
DA:24,4
DA:25,2
DA:26,0
DA:27,1
DA:30,1
DA:31,2
DA:32,1
DA:33,2
DA:34,3
DA:35,1
DA:36,2
DA:38,2
DA:39,0
DA:42,0
DA:46,0
DA:47,0
DA:48,0
DA:49,0
DA:50,0
DA:53,0
DA:58,1
DA:59,1
DA:61,1
DA:63,1
DA:65,1
DA:67,1
DA:69,1
DA:71,1
DA:73,0
DA:74,0
DA:75,0
DA:76,0
DA:77,0
DA:82,0
DA:88,0
DA:89,0
LF:46
LH:28
end_of_record
SF:lib/src/models/error/error_response.dart
DA:6,6
DA:8,1
DA:10,1
DA:12,2
DA:18,2
DA:19,2
DA:21,4
DA:22,2
DA:23,3
DA:24,2
DA:33,2
DA:34,1
DA:35,1
DA:36,1
DA:39,3
DA:41,1
DA:46,1
DA:47,1
DA:48,0
DA:49,1
DA:52,1
DA:55,1
DA:56,4
LF:23
LH:22
end_of_record
SF:lib/src/models/error/failure.dart
DA:5,0
DA:6,0
DA:10,1
DA:14,1
DA:15,2
LF:5
LH:3
end_of_record
SF:lib/src/service/ntfluttery_service.dart
DA:13,0
DA:15,0
DA:19,0
DA:21,0
DA:22,0
DA:24,0
DA:26,0
DA:27,0
DA:28,0
DA:31,0
DA:35,0
DA:38,0
DA:41,0
DA:42,0
DA:45,0
DA:47,0
DA:50,0
DA:59,0
DA:60,0
DA:63,0
DA:65,0
DA:67,0
DA:69,0
DA:70,0
DA:74,0
DA:76,0
DA:77,0
LF:27
LH:0
end_of_record
SF:lib/src/models/attachment.dart
DA:9,2
DA:14,0
DA:15,0
DA:17,0
DA:18,0
DA:19,0
DA:22,0
DA:23,0
DA:24,0
DA:27,0
DA:29,0
DA:33,0
DA:34,0
DA:35,0
DA:38,0
DA:41,0
DA:42,0
LF:17
LH:1
end_of_record
SF:lib/src/models/credentials.dart
DA:9,0
DA:14,0
DA:15,0
DA:17,0
DA:18,0
DA:19,0
DA:22,0
DA:23,0
DA:24,0
DA:27,0
DA:29,0
DA:30,0
DA:32,0
DA:36,0
DA:37,0
DA:38,0
DA:41,0
DA:44,0
DA:45,0
LF:19
LH:0
end_of_record
SF:lib/src/models/event_data.dart
DA:23,0
DA:35,0
DA:36,0
DA:38,0
DA:39,0
DA:40,0
DA:41,0
DA:42,0
DA:43,0
DA:44,0
DA:45,0
DA:46,0
DA:47,0
DA:48,0
DA:49,0
DA:51,0
DA:52,0
DA:53,0
DA:54,0
DA:55,0
DA:56,0
DA:57,0
DA:59,0
DA:62,0
DA:63,0
DA:65,0
DA:66,0
DA:67,0
DA:68,0
DA:69,0
DA:70,0
DA:71,0
DA:72,0
DA:73,0
DA:74,0
DA:75,0
DA:76,0
DA:79,0
DA:81,0
DA:82,0
DA:84,0
DA:97,0
DA:98,0
DA:99,0
DA:100,0
DA:101,0
DA:102,0
DA:103,0
DA:104,0
DA:105,0
DA:106,0
DA:107,0
DA:108,0
DA:111,0
DA:112,0
DA:113,0
DA:114,0
DA:115,0
DA:116,0
DA:117,0
DA:118,0
DA:119,0
DA:120,0
DA:121,0
DA:122,0
DA:123,0
DA:126,0
LF:67
LH:0
end_of_record
SF:lib/src/models/extensions/datetime_extension.dart
DA:2,0
LF:1
LH:0
end_of_record
SF:lib/src/models/extensions/int_extension.dart
DA:2,0
DA:3,0
LF:2
LH:0
end_of_record
SF:lib/src/models/extensions/dio_extension.dart
DA:7,0
DA:8,0
DA:15,0
DA:16,0
LF:4
LH:0
end_of_record
SF:lib/src/service/dio_interceptor.dart
DA:9,0
DA:13,0
DA:18,0
DA:19,0
DA:20,0
DA:22,0
DA:25,0
DA:30,0
DA:31,0
DA:32,0
DA:35,0
DA:37,0
DA:38,0
DA:40,0
DA:41,0
DA:42,0
DA:43,0
DA:44,0
LF:18
LH:0
end_of_record
SF:lib/src/models/extensions/event_datalist_extension.dart
DA:4,0
DA:5,0
DA:7,0
DA:8,0
DA:10,0
DA:11,0
DA:13,0
DA:14,0
DA:16,0
DA:17,0
DA:19,0
DA:20,0
DA:22,0
DA:23,0
DA:25,0
DA:26,0
DA:28,0
DA:29,0
DA:31,0
DA:32,0
LF:20
LH:0
end_of_record
SF:lib/src/models/extensions/exception_extension.dart
DA:5,0
DA:6,0
DA:7,0
DA:8,0
DA:9,0
LF:5
LH:0
end_of_record
SF:lib/src/models/extensions/string_extension.dart
DA:4,0
DA:5,0
DA:6,0
DA:9,0
DA:10,0
DA:11,0
DA:12,0
DA:14,0
DA:15,0
DA:16,0
DA:17,0
DA:19,0
DA:21,0
LF:13
LH:0
end_of_record
