SF:lib/src/models/attachment.dart
DA:21,12
DA:32,1
DA:33,2
DA:41,4
DA:42,2
DA:43,2
DA:49,4
DA:50,2
DA:51,2
DA:57,3
DA:67,1
DA:71,1
DA:72,1
DA:73,1
DA:80,1
DA:87,2
DA:88,6
LF:17
LH:17
end_of_record
SF:lib/src/models/error/failure.dart
DA:19,1
DA:30,1
DA:31,2
LF:3
LH:3
end_of_record
SF:lib/src/models/enums/network_error_type.dart
DA:76,2
DA:77,2
DA:78,6
LF:3
LH:3
end_of_record
SF:lib/src/models/error/dio_exceptions.dart
DA:20,4
DA:32,1
DA:33,4
DA:34,1
DA:35,3
DA:37,2
DA:38,1
DA:39,1
DA:41,1
DA:42,3
DA:43,4
DA:44,1
DA:54,2
DA:55,4
DA:56,1
DA:57,2
DA:58,3
DA:59,1
DA:60,2
DA:62,2
DA:63,2
DA:67,3
DA:68,1
DA:69,5
DA:70,2
DA:71,2
DA:74,2
DA:79,1
DA:80,1
DA:82,1
DA:84,1
DA:86,1
DA:88,1
DA:90,1
DA:92,1
DA:94,1
DA:95,1
DA:96,2
DA:97,1
DA:98,2
DA:103,4
DA:114,1
DA:115,2
LF:43
LH:43
end_of_record
SF:lib/src/models/error/error_response.dart
DA:19,14
DA:28,1
DA:30,1
DA:32,2
DA:45,2
DA:46,2
DA:54,4
DA:55,2
DA:56,3
DA:57,2
DA:72,2
DA:73,1
DA:74,1
DA:75,1
DA:81,3
DA:92,1
DA:97,1
DA:98,1
DA:99,1
DA:100,1
DA:107,1
DA:114,1
DA:115,4
LF:23
LH:23
end_of_record
SF:lib/src/models/enums/priority_type.dart
DA:37,4
DA:38,6
DA:39,1
DA:50,2
DA:51,3
DA:52,1
LF:6
LH:6
end_of_record
SF:lib/src/models/enums/event_types.dart
DA:37,4
DA:38,6
DA:39,2
LF:3
LH:3
end_of_record
SF:lib/src/models/credentials.dart
DA:19,1
DA:30,1
DA:31,2
DA:39,2
DA:40,1
DA:41,1
DA:47,2
DA:48,1
DA:49,1
DA:55,3
DA:61,1
DA:62,6
DA:72,1
DA:76,1
DA:77,1
DA:78,1
DA:85,1
DA:92,1
DA:93,3
LF:19
LH:19
end_of_record
SF:lib/src/models/event_data.dart
DA:41,2
DA:53,2
DA:54,2
DA:60,2
DA:61,1
DA:62,1
DA:63,1
DA:64,4
DA:65,1
DA:66,1
DA:67,4
DA:68,2
DA:69,1
DA:70,1
DA:71,1
DA:73,4
DA:74,1
DA:75,2
DA:76,1
DA:77,1
DA:78,1
DA:79,1
DA:81,2
DA:88,1
DA:89,2
DA:94,2
DA:95,1
DA:96,2
DA:97,2
DA:98,2
DA:99,1
DA:100,1
DA:101,1
DA:102,2
DA:103,1
DA:104,1
DA:105,2
DA:111,3
DA:117,1
DA:118,4
DA:124,1
DA:137,1
DA:138,1
DA:139,1
DA:140,1
DA:141,1
DA:142,1
DA:143,1
DA:144,1
DA:145,1
DA:146,1
DA:147,1
DA:148,1
DA:154,1
DA:155,1
DA:156,1
DA:157,1
DA:158,1
DA:159,1
DA:160,1
DA:161,1
DA:162,1
DA:163,1
DA:164,1
DA:165,1
DA:166,1
DA:173,1
LF:67
LH:67
end_of_record
SF:lib/src/models/extensions/datetime_extension.dart
DA:13,8
LF:1
LH:1
end_of_record
SF:lib/src/models/extensions/int_extension.dart
DA:20,2
DA:21,4
LF:2
LH:2
end_of_record
SF:lib/src/models/extensions/dio_extension.dart
DA:16,3
DA:17,1
DA:31,1
DA:32,3
LF:4
LH:4
end_of_record
SF:lib/src/service/dio_interceptor.dart
DA:9,1
DA:13,0
DA:18,0
DA:19,0
DA:20,0
DA:22,0
DA:25,0
DA:30,0
DA:31,0
DA:32,0
DA:35,0
DA:37,0
DA:38,0
DA:40,0
DA:41,0
DA:42,0
DA:43,0
DA:44,0
LF:18
LH:1
end_of_record
SF:lib/src/models/extensions/event_datalist_extension.dart
DA:21,1
DA:22,6
DA:36,1
DA:37,6
DA:49,1
DA:50,5
DA:65,1
DA:66,7
DA:78,1
DA:79,5
DA:91,1
DA:92,7
DA:104,1
DA:105,5
DA:117,1
DA:118,5
DA:132,1
DA:133,7
DA:145,3
DA:157,3
DA:171,1
DA:172,6
DA:184,3
DA:196,1
DA:197,2
DA:209,3
DA:221,3
DA:233,3
DA:245,1
DA:246,2
DA:258,3
DA:270,1
DA:271,2
DA:283,1
DA:284,2
DA:296,1
DA:297,2
DA:309,1
DA:310,2
DA:322,1
DA:323,2
DA:335,1
DA:336,2
DA:348,1
DA:349,2
DA:361,1
DA:362,2
DA:374,1
DA:375,2
DA:387,1
DA:388,2
DA:400,1
DA:401,2
DA:413,1
DA:414,2
DA:426,3
DA:438,3
DA:450,3
DA:462,3
DA:474,3
DA:486,3
DA:498,3
DA:516,1
DA:517,2
DA:535,1
DA:536,1
DA:537,1
DA:538,3
DA:539,3
DA:540,2
DA:542,3
DA:543,2
LF:72
LH:72
end_of_record
SF:lib/src/models/extensions/exception_extension.dart
DA:29,1
DA:30,1
DA:31,1
DA:32,1
DA:33,0
LF:5
LH:4
end_of_record
SF:lib/src/models/extensions/string_extension.dart
DA:25,1
DA:26,2
DA:27,1
DA:30,3
DA:31,2
DA:32,1
DA:33,1
DA:35,2
DA:36,1
DA:37,1
DA:38,2
DA:40,2
LF:12
LH:12
end_of_record
SF:lib/src/service/ntfluttery_service.dart
DA:13,1
DA:15,0
DA:16,1
DA:22,0
DA:24,0
DA:25,0
DA:27,1
DA:29,2
DA:32,0
DA:35,0
DA:38,0
DA:41,0
DA:42,0
DA:45,0
DA:47,0
DA:50,0
DA:54,0
DA:59,0
DA:60,0
DA:61,0
DA:65,1
DA:74,1
DA:75,1
DA:78,0
DA:80,1
DA:82,2
DA:84,0
DA:85,0
DA:89,0
DA:91,0
DA:92,0
DA:97,0
DA:101,0
DA:106,0
DA:107,0
DA:108,0
DA:112,0
DA:116,0
DA:121,0
DA:122,0
DA:123,0
DA:127,0
DA:131,0
DA:136,0
DA:137,0
DA:138,0
DA:142,0
DA:146,0
DA:151,0
DA:152,0
DA:153,0
DA:157,0
DA:163,0
DA:168,0
DA:169,0
DA:170,0
LF:56
LH:9
end_of_record
